23:03:06 **** Clean-only build of configuration Debug for project hw1 ****
make clean 
rm -rf  ./hwOne.o  ./hwOne.d  test
 
23:03:07 **** Build of configuration Debug for project hw1 ****
make all 
Building file: ../hwOne.c
Invoking: GCC C Compiler
gcc -O0 -g3 -Wall -c -fmessage-length=0 -MMD -MP -MF"hwOne.d" -MT"hwOne.o" -o "hwOne.o" "../hwOne.c"
Finished building: ../hwOne.c
 
Building target: hw1
Invoking: GCC C Linker
gcc  -o "hw1"  ./hwOne.o   
Finished building target: hw1
 
23:03:16 **** Incremental Build of configuration Debug for project hw1 ****
make all 
Building file: ../hwOne.c
Invoking: GCC C Compiler
gcc -O0 -g3 -Wall -c -fmessage-length=0 -MMD -MP -MF"hwOne.d" -MT"hwOne.o" -o "hwOne.o" "../hwOne.c"
Finished building: ../hwOne.c
 
Building target: hw1
Invoking: GCC C Linker
gcc  -o "hw1"  ./hwOne.o   
Finished building target: hw1
 
23:06:51 **** Incremental Build of configuration Debug for project hw1 ****
make all 
Building file: ../hwOne.c
Invoking: GCC C Compiler
gcc -O0 -g3 -Wall -c -fmessage-length=0 -MMD -MP -MF"hwOne.d" -MT"hwOne.o" -o "hwOne.o" "../hwOne.c"
Finished building: ../hwOne.c
 
Building target: hw1
Invoking: GCC C Linker
gcc  -o "hw1"  ./hwOne.o   
Finished building target: hw1
 
